<?xml version="1.0" encoding="UTF-8"?>
<!-- Generated by org.testng.reporters.JUnitReportReporter -->
<testsuite skipped="0" hostname="ARAVINDA-DELL-PERSONAL" name="com.testng.AugoSuggestions" tests="1" failures="0" timestamp="2021-06-06T16:19:44 IST" time="0.852" errors="0">
  <testcase name="printAutoSuggestions" time="0.852" classname="com.testng.AugoSuggestions"/>
  <system-out>
    <![CDATA[synechron<br>
Synechron Technologies Pvt. Ltd.
Software company · First and Fifth Floor, Tower B, Global Technology Park Devarabisanahalli, Bellandur, Bengaluru, Karnataka<br>
synechron technologies pvt ltd<br>
synechron glassdoor<br>
synechron technologies wiki<br>
synechron bangalore address<br>
synechron salary<br>
synechron bangalore office address<br>
synechron linkedin<br>
synechron cmmi level<br>]]>
  </system-out>
</testsuite> <!-- com.testng.AugoSuggestions -->
