<?xml version="1.0" encoding="UTF-8"?>
<!-- Generated by org.testng.reporters.JUnitXMLReporter -->
<testsuite hostname="ARAVINDA-DELL-PERSONAL" ignored="2" name="GRP-regression" tests="5" failures="0" timestamp="2021-06-06T16:11:43 IST" time="0.056" errors="0">
  <testcase name="test1" time="0.009" classname="com.testng.GroupDemo"/>
  <testcase name="test2" time="0.001" classname="com.testng.GroupDemo"/>
  <testcase name="test3" time="0.001" classname="com.testng.GroupDemo"/>
  <testcase name="test5" time="0.001" classname="com.testng.GroupDemo"/>
  <testcase name="test7" time="0.0" classname="com.testng.GroupDemo"/>
  <testcase name="test6" time="0.0" classname="com.testng.GroupDemo">
    <ignored/>
  </testcase> <!-- test6 -->
  <testcase name="test4" time="0.0" classname="com.testng.GroupDemo">
    <ignored/>
  </testcase> <!-- test4 -->
</testsuite> <!-- GRP-regression -->
