<?xml version="1.0" encoding="UTF-8"?>
<!-- Generated by org.testng.reporters.JUnitXMLReporter -->
<testsuite hostname="ARAVINDA-DELL-PERSONAL" ignored="0" name="Module-2" tests="4" failures="0" timestamp="2021-06-06T15:09:54 IST" time="0.01" errors="0">
  <testcase name="createCustomer" time="0.001" classname="com.testng.HelloWorld"/>
  <testcase name="launch" time="0.001" classname="com.testng.HelloWorld"/>
  <testcase name="login" time="0.002" classname="com.testng.HelloWorld"/>
  <testcase name="logout" time="0.0" classname="com.testng.HelloWorld"/>
</testsuite> <!-- Module-2 -->
