<?xml version="1.0" encoding="UTF-8"?>
<!-- Generated by org.testng.reporters.JUnitXMLReporter -->
<testsuite hostname="ARAVINDA-DELL-PERSONAL" ignored="0" name="Module-1" tests="5" failures="0" timestamp="2021-06-06T15:09:54 IST" time="0.057" errors="0">
  <testcase name="launch" time="0.008" classname="com.testng.OrderOfExecutionUsingPriority"/>
  <testcase name="login" time="0.001" classname="com.testng.OrderOfExecutionUsingPriority"/>
  <testcase name="createCustomer" time="0.001" classname="com.testng.OrderOfExecutionUsingPriority"/>
  <testcase name="logout" time="0.001" classname="com.testng.OrderOfExecutionUsingPriority"/>
  <testcase name="testcase1" time="0.001" classname="com.testng.TestNGUsingJava"/>
</testsuite> <!-- Module-1 -->
