<?xml version="1.0" encoding="UTF-8"?>
<testng-results skipped="0" failed="0" ignored="0" total="2" passed="2">
  <reporter-output>
  </reporter-output>
  <suite name="Default suite" duration-ms="16461" started-at="2021-06-06T16:58:13 IST" finished-at="2021-06-06T16:58:29 IST">
    <groups>
    </groups>
    <test name="Default test" duration-ms="16461" started-at="2021-06-06T16:58:13 IST" finished-at="2021-06-06T16:58:29 IST">
      <class name="com.pom.test.LoginTest">
        <test-method status="PASS" signature="createdriver()[pri:0, instance:com.pom.test.LoginTest@1a1d6a08]" name="createdriver" is-config="true" duration-ms="3268" started-at="2021-06-06T16:58:13 IST" finished-at="2021-06-06T16:58:16 IST">
          <reporter-output>
          </reporter-output>
        </test-method> <!-- createdriver -->
        <test-method status="PASS" signature="getPageObjects()[pri:0, instance:com.pom.test.LoginTest@1a1d6a08]" name="getPageObjects" is-config="true" duration-ms="20" started-at="2021-06-06T16:58:16 IST" finished-at="2021-06-06T16:58:16 IST">
          <reporter-output>
          </reporter-output>
        </test-method> <!-- getPageObjects -->
        <test-method status="PASS" signature="launch()[pri:0, instance:com.pom.test.LoginTest@1a1d6a08]" name="launch" is-config="true" duration-ms="2188" started-at="2021-06-06T16:58:16 IST" finished-at="2021-06-06T16:58:18 IST">
          <reporter-output>
          </reporter-output>
        </test-method> <!-- launch -->
        <test-method status="PASS" signature="validLoginTest()[pri:1, instance:com.pom.test.LoginTest@1a1d6a08]" name="validLoginTest" duration-ms="5432" started-at="2021-06-06T16:58:18 IST" finished-at="2021-06-06T16:58:24 IST">
          <reporter-output>
          </reporter-output>
        </test-method> <!-- validLoginTest -->
        <test-method status="PASS" signature="launch()[pri:0, instance:com.pom.test.LoginTest@1a1d6a08]" name="launch" is-config="true" duration-ms="168" started-at="2021-06-06T16:58:24 IST" finished-at="2021-06-06T16:58:24 IST">
          <reporter-output>
          </reporter-output>
        </test-method> <!-- launch -->
        <test-method status="PASS" signature="invalidLoginTest()[pri:2, instance:com.pom.test.LoginTest@1a1d6a08]" name="invalidLoginTest" duration-ms="5254" started-at="2021-06-06T16:58:24 IST" finished-at="2021-06-06T16:58:29 IST">
          <reporter-output>
          </reporter-output>
        </test-method> <!-- invalidLoginTest -->
        <test-method status="PASS" signature="closeDriver()[pri:0, instance:com.pom.test.LoginTest@1a1d6a08]" name="closeDriver" is-config="true" duration-ms="80" started-at="2021-06-06T16:58:29 IST" finished-at="2021-06-06T16:58:29 IST">
          <reporter-output>
          </reporter-output>
        </test-method> <!-- closeDriver -->
        <test-method status="PASS" signature="clearPageObjectes()[pri:0, instance:com.pom.test.LoginTest@1a1d6a08]" name="clearPageObjectes" is-config="true" duration-ms="0" started-at="2021-06-06T16:58:29 IST" finished-at="2021-06-06T16:58:29 IST">
          <reporter-output>
          </reporter-output>
        </test-method> <!-- clearPageObjectes -->
      </class> <!-- com.pom.test.LoginTest -->
    </test> <!-- Default test -->
  </suite> <!-- Default suite -->
</testng-results>
